Processing Patient 2020-07-21T210319-0400_5007-ELYP-1F41
Processed 21 Apnea Events
Processed 21 non-Events
Processing Patient 2020-07-23T205958-0400_5007-7WNR-1FDA
Processed 18 Apnea Events
Processed 18 non-Events
Processing Patient 2020-07-29T204427-0400_5007-ELYP-1F41
Processed 0 Apnea Events
Processed 0 non-Events
Processing Patient 2020-07-30T210241-0400_5007-7WNR-1FDA
Processed 8 Apnea Events
Processed 8 non-Events
Processing Patient 2020-08-04T202857-0400_5007-7WNR-1FDA
Processed 3 Apnea Events
Processed 3 non-Events
Processing Patient 2020-08-08T215405-0400_5007-7WNR-1FDA
Processed 1 Apnea Events
Processed 1 non-Events
Processing Patient 2020-08-10T211244-0400_5007-ELYP-1F41
Processed 6 Apnea Events
Processed 6 non-Events
Processing Patient 2020-08-12T210635-0400_5007-7WNR-1FDA
Processed 1 Apnea Events
Processed 1 non-Events
Processing Patient 2020-08-13T220438-0400_5007-ELYP-1F41
Processed 1 Apnea Events
Processed 1 non-Events
Processing Patient 2020-08-15T212307-0400_5007-7WNR-1FDA
Processed 114 Apnea Events
Processed 114 non-Events
Processing Patient 2020-08-17T211411-0400_5007-ELYP-1F41
Processed 1 Apnea Events
Processed 1 non-Events
Processing Patient 2020-08-20T211218-0400_5007-ELYP-1F41
Processed 5 Apnea Events
Processed 5 non-Events
Processing Patient 2020-08-24T215137-0400_5007-7WNR-1FDA
Processed 65 Apnea Events
Processed 65 non-Events
Processing Patient 2020-08-25T205419-0400_5007-ELYP-1F41
Processed 190 Apnea Events
Processed 190 non-Events
Processing Patient 2020-09-04T223300-0400_5007-7WNR-1FDA
Processed 12 Apnea Events
Processed 12 non-Events
Processing Patient 2020-09-09T204008-0400_5007-ELYP-1F41
Processed 6 Apnea Events
Processed 6 non-Events
Processing Patient 2020-09-11T211719-0400_5007-ELYP-1F41
Processed 4 Apnea Events
Processed 4 non-Events
Processing Patient 2020-09-14T213330-0400_5007-7WNR-1FDA
Processed 103 Apnea Events
Processed 103 non-Events
Processing Patient 2020-09-16T222010-0400_5007-7WNR-1FDA
Processed 0 Apnea Events
Processed 0 non-Events
Processing Patient 2020-09-17T214544-0400_5007-ELYP-1F41
Processed 1 Apnea Events
Processed 1 non-Events
Processing Patient 2020-09-18T215729-0400_5007-ELYP-1F41
Processed 3 Apnea Events
Processed 3 non-Events
Processing Patient 2020-09-21T215750-0400_5007-ELYP-1F41
Processed 25 Apnea Events
Processed 25 non-Events
Processing Patient 2020-09-22T213355-0400_5007-ELYP-1F41
Processed 12 Apnea Events
Processed 12 non-Events
Processing Patient 2020-09-25T214724-0400_5007-ELYP-1F41
Processed 0 Apnea Events
Processed 0 non-Events
Processing Patient 2020-09-29T215452-0400_5007-ELYP-1F41
Processed 0 Apnea Events
Processed 0 non-Events
Processing Patient 2020-10-01T215115-0400_5007-ELYP-1F41
Processed 72 Apnea Events
Processed 72 non-Events
Processing Patient 2020-10-02T214257-0400_5007-ELYP-1F41
Processed 0 Apnea Events
Processed 0 non-Events
Processing Patient 2020-10-07T215236-0400_5007-ELYP-1F41
Processed 0 Apnea Events
Processed 0 non-Events
Processing Patient 2020-10-14T212125-0400_5007-ELYP-1F41
Processed 0 Apnea Events
Processed 0 non-Events
Processing Patient 2020-10-15T214852-0400_5007-ELYP-1F41
Processed 0 Apnea Events
Processed 0 non-Events
Processing Patient 2020-10-23T210223-0400_5007-ELYP-1F41
Processed 2 Apnea Events
Processed 2 non-Events
Processing Patient 2020-10-28T212707-0400_5007-ELYP-1F41
Processed 1 Apnea Events
Processed 1 non-Events
Processing Patient 2020-10-30T222739-0400_5007-ELYP-1F41
Processed 228 Apnea Events
Processed 228 non-Events
Processing Patient 2020-11-03T220812-0500_5007-ELYP-1F41
Processed 63 Apnea Events
Processed 63 non-Events
Processing Patient 2020-11-04T215127-0500_5007-ELYP-1F41
Processed 11 Apnea Events
Processed 11 non-Events
Processing Patient 2020-11-09T212617-0500_5007-ELYP-1F41
Processed 0 Apnea Events
Processed 0 non-Events
Processing Patient 2020-11-10T213827-0500_5007-ELYP-1F41
Processed 0 Apnea Events
Processed 0 non-Events
Processing Patient 2020-11-11T220157-0500_5007-ELYP-1F41
Processed 0 Apnea Events
Processed 0 non-Events
Processing Patient 2020-11-17T220320-0500_5007-ELYP-1F41
Processed 4 Apnea Events
Processed 4 non-Events
Processing Patient 2020-11-19T222430-0500_5007-ELYP-1F41
Processed 120 Apnea Events
Processed 120 non-Events
Processing Patient 2020-11-24T213037-0500_5007-ELYP-1F41
Processed 0 Apnea Events
Processed 0 non-Events
Processing Patient 2020-11-26T220009-0500_5007-ELYP-1F41
Processed 15 Apnea Events
Processed 15 non-Events
Processing Patient 2020-12-01T221349-0500_5007-ELYP-1F41
Processed 0 Apnea Events
Processed 0 non-Events
Processing Patient 2020-12-02T222250-0500_5007-ELYP-1F41
Processed 7 Apnea Events
Processed 7 non-Events
Processing Patient 2020-12-03T224715-0500_5007-ELYP-1F41
Processed 1 Apnea Events
Processed 1 non-Events
Processing Patient 2020-12-08T213205-0500_5007-ELYP-1F41
Processed 1 Apnea Events
Processed 1 non-Events
Processing Patient 2020-12-09T222637-0500_5007-ELYP-1F41
Processed 2 Apnea Events
Processed 2 non-Events
Processing Patient 2020-12-15T214953-0500_5007-ELYP-1F41
Processed 1 Apnea Events
Processed 1 non-Events
Processing Patient 2020-12-16T214834-0500_5007-ELYP-1F41
Processed 1 Apnea Events
Processed 1 non-Events
Processing Patient 2020-12-17T221244-0500_5007-ELYP-1F41
Processed 5 Apnea Events
Processed 5 non-Events
Processing Patient 2021-01-06T220943-0500_5007-ELYP-1F41
Processed 10 Apnea Events
Processed 10 non-Events
Processing Patient 2021-01-11T220012-0500_5007-ELYP-1F41
Processed 4 Apnea Events
Processed 4 non-Events
Processing Patient 2021-01-12T212045-0500_5007-7WNR-1FDA
Processed 0 Apnea Events
Processed 0 non-Events
Processing Patient 2021-01-19T211201-0500_5007-7WNR-1FDA
Processed 3 Apnea Events
Processed 3 non-Events
Processing Patient 2021-01-25T212457-0500_5007-7WNR-1FDA
Processed 14 Apnea Events
Processed 14 non-Events
Processing Patient 2021-02-01T212712-0500_5007-7WNR-1FDA
Processed 2 Apnea Events
Processed 2 non-Events
Processing Patient 2021-02-02T214015-0500_5007-7WNR-1FDA
Processed 2 Apnea Events
Processed 2 non-Events
Processing Patient 2021-02-18T205616-0500_5007-7WNR-1FDA
Processed 0 Apnea Events
Processed 0 non-Events
Processing Patient 2021-02-23T212323-0500_5007-7WNR-1FDA
Processed 7 Apnea Events
Processed 7 non-Events
Processing Patient 2021-03-01T211611-0500_5007-7WNR-1FDA
Processed 48 Apnea Events
Processed 48 non-Events
Processing Patient 2021-03-03T213719-0500_5007-7WNR-1FDA
Processed 30 Apnea Events
Processed 30 non-Events
Processing Patient 2021-03-08T211009-0500_5007-7WNR-1FDA
Processed 0 Apnea Events
Processed 0 non-Events
Processing Patient 2021-03-09T210917-0500_5007-7WNR-1FDA
Processed 11 Apnea Events
Processed 11 non-Events
Processing Patient 2021-03-22T222354-0400_5007-7WNR-1FDA
Processed 0 Apnea Events
Processed 0 non-Events
Processing Patient 2021-04-27T212257-0400_5007-7WNR-1FDA
Processed 4 Apnea Events
Processed 4 non-Events
Processing Patient 2021-04-28T212354-0400_5007-7WNR-1FDA
Processed 222 Apnea Events
Processed 155 non-Events
Processing Patient 2021-05-04T213742-0400_5007-7WNR-1FDA
Processed 10 Apnea Events
Processed 10 non-Events
Processing Patient 2021-05-10T215543-0400_5007-7WNR-1FDA
Processed 7 Apnea Events
Processed 7 non-Events
Processing Patient 2021-05-11T212051-0400_5007-7WNR-1FDA
Processed 33 Apnea Events
Processed 33 non-Events
Processing Patient 2021-05-12T214439-0400_5007-7WNR-1FDA
Processed 8 Apnea Events
Processed 8 non-Events
Processing Patient 2021-05-17T211237-0400_5007-7WNR-1FDA
Processed 0 Apnea Events
Processed 0 non-Events
Processing Patient 2021-05-18T212242-0400_5007-7WNR-1FDA
Processed 29 Apnea Events
Processed 29 non-Events
Processing Patient 2021-05-19T214036-0400_5007-ELYP-1F41
Processed 33 Apnea Events
Processed 33 non-Events
Processing Patient 2021-05-25T214449-0400_5008-LL4V-33C2
Processed 0 Apnea Events
Processed 0 non-Events
Processing Patient 2021-05-26T212804-0400_5008-LZRH-333A
Processed 6 Apnea Events
Processed 6 non-Events
Processing Patient 2021-05-31T220655-0400_5008-LL4V-33C2
Processed 143 Apnea Events
Processed 99 non-Events
Processing Patient 2021-06-01T221541-0400_5008-MH7P-3355
Processed 4 Apnea Events
Processed 4 non-Events
Processing Patient 2021-06-07T205527-0400_5008-LL4V-33C2
Processed 34 Apnea Events
Processed 34 non-Events
Processing Patient 2021-06-08T221017-0400_5008-MH7P-3355
Processed 24 Apnea Events
Processed 24 non-Events
Processing Patient 2021-06-09T212323-0400_5008-LL4V-33C2
Processed 34 Apnea Events
Processed 34 non-Events
Processing Patient 2021-06-15T213542-0400_5008-MH7P-3355
Processed 0 Apnea Events
Processed 0 non-Events
Processing Patient 2021-06-16T212713-0400_5008-LZRH-333A
Processed 1 Apnea Events
Processed 1 non-Events
Processing Patient 2021-06-22T210455-0400_5008-MH7P-3355
Processed 2 Apnea Events
Processed 2 non-Events
Processing Patient 2021-07-05T211123-0400_5008-LZRH-333A
Processed 5 Apnea Events
Processed 5 non-Events
Processing Patient 2021-07-06T213320-0400_5008-LL4V-33C2
Processed 0 Apnea Events
Processed 0 non-Events
Processing Patient 2021-07-07T215240-0400_5008-LZRH-333A
Processed 0 Apnea Events
Processed 0 non-Events
Processing Patient 2021-07-12T205128-0400_5008-LL4V-33C2
Processed 83 Apnea Events
Processed 83 non-Events
Processing Patient 2021-07-19T205536-0400_5008-LZRH-333A
Processed 32 Apnea Events
Processed 32 non-Events
Processing Patient 2021-07-21T210700-0400_5007-ELYP-1F41
Processed 8 Apnea Events
Processed 8 non-Events
Processing Patient 2021-08-03T211914-0400_5008-LZRH-333A
Processed 0 Apnea Events
Processed 0 non-Events
Processing Patient 2021-08-04T211819-0400_5008-LL4V-33C2
Processed 11 Apnea Events
Processed 11 non-Events
Processing Patient 2021-08-11T212641-0400_5008-LZRH-333A
Processed 212 Apnea Events
Processed 136 non-Events
Processing Patient 2021-08-17T211829-0400_5007-ELYP-1F41
Processed 0 Apnea Events
Processed 0 non-Events
Processing Patient 2021-08-18T212811-0400_5008-LZRH-333A
Processed 32 Apnea Events
Processed 32 non-Events
Processing Patient 2021-08-19T221902-0400_5007-ELYP-1F41
Processed 23 Apnea Events
Processed 23 non-Events
Processing Patient 2021-08-23T210104-0400_5008-LZRH-333A
Processed 5 Apnea Events
Processed 5 non-Events
Processing Patient 2021-08-24T210749-0400_5008-LL4V-33C2
Processed 4 Apnea Events
Processed 4 non-Events
Processing Patient 2021-08-25T212029-0400_5007-ELYP-1F41
Processed 1 Apnea Events
Processed 1 non-Events
Processing Patient 2021-08-26T225514-0400_5008-LZRH-333A
Processed 29 Apnea Events
Processed 29 non-Events
Processing Patient 2021-08-31T212442-0400_5007-ELYP-1F41
Processed 2 Apnea Events
Processed 2 non-Events
Processing Patient 2021-09-01T213425-0400_5008-LL4V-33C2
Processed 1 Apnea Events
Processed 1 non-Events
Processing Patient 2021-09-07T212943-0400_5007-ELYP-1F41
Processed 0 Apnea Events
Processed 0 non-Events
Processing Patient 2021-09-09T220227-0400_5008-LL4V-33C2
Processed 0 Apnea Events
Processed 0 non-Events
Processing Patient 2021-09-14T212440-0400_5007-ELYP-1F41
Processed 0 Apnea Events
Processed 0 non-Events
Processing Patient 2021-09-16T213921-0400_5007-7WNR-1FDA
Processed 1 Apnea Events
Processed 1 non-Events
Processing Patient 2021-09-28T220354-0400_5007-7WNR-1FDA
Processed 2 Apnea Events
Processed 2 non-Events
Processing Patient 2021-09-29T214341-0400_5008-LL4V-33C2
Processed 0 Apnea Events
Processed 0 non-Events
Processing Patient 2021-10-05T211031-0400_5007-7WNR-1FDA
Processed 162 Apnea Events
Processed 162 non-Events
Processing Patient 2021-10-07T220055-0400_5008-LL4V-33C2
Processed 52 Apnea Events
Processed 52 non-Events
Processing Patient 2021-10-12T215706-0400_5008-LZRH-333A
Processed 13 Apnea Events
Processed 13 non-Events
Processing Patient 2021-10-13T214619-0400_5008-LL4V-33C2
Processed 0 Apnea Events
Processed 0 non-Events
Processing Patient 2021-10-14T230809-0400_5007-7WNR-1FDA
Processed 43 Apnea Events
Processed 43 non-Events
Processing Patient 2021-10-25T214313-0400_5007-ELYP-1F41
Processed 1 Apnea Events
Processed 1 non-Events
Processing Patient 2021-10-28T212907-0400_5008-LL4V-33C2
Processed 0 Apnea Events
Processed 0 non-Events
Processing Patient 2021-11-01T215756-0400_5008-LZRH-333A
Processed 3 Apnea Events
Processed 3 non-Events
Processing Patient 2021-11-09T212105-0500_5008-LL4V-33C2
Processed 0 Apnea Events
Processed 0 non-Events
Processing Patient 2021-11-11T212341-0500_5007-7WNR-1FDA
Processed 24 Apnea Events
Processed 24 non-Events
Processing Patient 2021-11-15T211741-0500_5008-LZRH-333A
Processed 0 Apnea Events
Processed 0 non-Events
Processing Patient 2021-11-24T212204-0500_5008-LZRH-333A
Processed 16 Apnea Events
Processed 16 non-Events
Processing Patient 2021-11-25T211826-0500_5007-7WNR-1FDA
Processed 0 Apnea Events
Processed 0 non-Events
Processing Patient 2021-11-30T214533-0500_5007-ELYP-1F41
Processed 0 Apnea Events
Processed 0 non-Events
Processing Patient 2021-12-02T220505-0500_5008-LL4V-33C2
Processed 1 Apnea Events
Processed 1 non-Events
Processing Patient 2022-02-03T214421-0500_6001-PL4Q-55E0
Processed 0 Apnea Events
Processed 0 non-Events
Processing Patient 2022-02-10T213714-0500_6001-PL4Q-55E0
Processed 15 Apnea Events
Processed 15 non-Events
Processing Patient 2022-02-15T220731-0500_6001-PDBR-6323
Processed 0 Apnea Events
Processed 0 non-Events
Processing Patient 2022-02-16T222734-0500_6001-PL4Q-55E0
Processed 1 Apnea Events
Processed 1 non-Events
Processing Patient 2022-02-18T223006-0500_6001-PDBR-6323
Processed 1 Apnea Events
Processed 1 non-Events
Processing Patient 2022-02-23T211744-0500_6001-PDBR-6323
Processed 0 Apnea Events
Processed 0 non-Events
Processing Patient 2022-02-24T214645-0500_6001-PL4Q-55E0
Processed 7 Apnea Events
Processed 7 non-Events
Processing Patient 2022-02-28T210632-0500_6001-PDBR-6323
Processed 16 Apnea Events
Processed 16 non-Events
Processing Patient 2022-03-01T220947-0500_6001-PL4Q-55E0
Processed 8 Apnea Events
Processed 8 non-Events
Processing Patient 2022-03-02T215514-0500_6001-PDBR-6323
Processed 0 Apnea Events
Processed 0 non-Events
Processing Patient 2022-03-03T214254-0500_6001-PL4Q-55E0
Processed 42 Apnea Events
Processed 42 non-Events
Processing Patient 2022-03-08T211811-0500_6001-PDBR-6323
Processed 0 Apnea Events
Processed 0 non-Events
Processing Patient 2022-03-11T213825-0500_6001-PL4Q-55E0
Processed 0 Apnea Events
Processed 0 non-Events
Processing Patient 2022-03-15T232428-0400_6001-PDBR-6323
Processed 2 Apnea Events
Processed 2 non-Events
Processing Patient 2022-03-18T221148-0400_6001-PL4Q-55E0
Processed 10 Apnea Events
Processed 10 non-Events
Processing Patient 2022-03-21T213535-0400_6001-PDBR-6323
Processed 15 Apnea Events
Processed 15 non-Events
Processing Patient 2022-03-22T213939-0400_6001-PDBR-6323
Processed 19 Apnea Events
Processed 19 non-Events
Processing Patient 2022-03-23T212112-0400_6001-PL4Q-55E0
Processed 4 Apnea Events
Processed 4 non-Events
Processing Patient 2022-03-25T220154-0400_6001-PL4Q-55E0
Processed 0 Apnea Events
Processed 0 non-Events
Processing Patient 2022-03-28T210454-0400_6001-PDBR-6323
Processed 15 Apnea Events
Processed 15 non-Events
Processing Patient 2022-03-30T230930-0400_6001-PL4Q-55E0
Processed 10 Apnea Events
Processed 10 non-Events
Processing Patient 2022-03-31T214758-0400_6001-PDBR-6323
Processed 3 Apnea Events
Processed 3 non-Events
Processing Patient 2022-04-01T215529-0400_6001-PL4Q-55E0
Processed 0 Apnea Events
Processed 0 non-Events
Processing Patient 2022-04-04T214534-0400_6001-PDBR-6323
Processed 2 Apnea Events
Processed 2 non-Events
Processing Patient 2022-04-12T215756-0400_6001-PL4Q-55E0
Processed 1 Apnea Events
Processed 1 non-Events
Processing Patient 2022-04-18T212152-0400_6001-PDBR-6323
Processed 1 Apnea Events
Processed 1 non-Events
Processing Patient 2022-04-21T220455-0400_6001-PL4Q-55E0
Processed 1 Apnea Events
Processed 1 non-Events
Processing Patient 2022-04-22T213127-0400_6001-PL4Q-55E0
Processed 1 Apnea Events
Processed 1 non-Events
Processing Patient 2022-04-28T222919-0400_6001-PL4Q-55E0
Processed 3 Apnea Events
Processed 3 non-Events
Processing Patient 2022-04-29T220147-0400_6001-PDBR-6323
Processed 15 Apnea Events
Processed 15 non-Events
Processing Patient 2022-05-04T210818-0400_6001-PDBR-6323
Processed 46 Apnea Events
Processed 46 non-Events
Processing Patient 2022-05-05T223104-0400_6001-PL4Q-55E0
Processed 43 Apnea Events
Processed 35 non-Events
Processing Patient 2022-05-12T220148-0400_6001-PL4Q-55E0
Processed 1 Apnea Events
Processed 1 non-Events
Processing Patient 2022-05-16T214213-0400_6001-PDBR-6323
Processed 1 Apnea Events
Processed 1 non-Events
Processing Patient 2022-05-17T221738-0400_6001-PL4Q-55E0
Processed 5 Apnea Events
Processed 5 non-Events
Processing Patient 2022-05-18T212950-0400_6001-PDBR-6323
Processed 11 Apnea Events
Processed 11 non-Events
Processing Patient 2022-05-24T214026-0400_6001-PL4Q-55E0
Processed 0 Apnea Events
Processed 0 non-Events
Processing Patient 2022-05-26T210552-0400_6001-PL4Q-55E0
Processed 2 Apnea Events
Processed 2 non-Events
Processing Patient 2022-05-30T213445-0400_6001-PL4Q-55E0
Processed 9 Apnea Events
Processed 9 non-Events
Processing Patient 2022-05-31T214825-0400_6001-PDBR-6323
Processed 121 Apnea Events
Processed 121 non-Events
Processing Patient 2022-06-02T221417-0400_6001-PDBR-6323
Processed 0 Apnea Events
Processed 0 non-Events
Processing Patient 2022-06-03T212213-0400_6001-PL4Q-55E0
Processed 0 Apnea Events
Processed 0 non-Events
Processing Patient 2022-06-06T212459-0400_6001-PDBR-6323
Processed 0 Apnea Events
Processed 0 non-Events
Processing Patient 2022-06-07T223909-0400_6001-PL4Q-55E0
Processed 0 Apnea Events
Processed 0 non-Events
Processing Patient 2022-06-09T210140-0400_6001-PL4Q-55E0
Processed 5 Apnea Events
Processed 5 non-Events
Processing Patient 2022-06-10T211828-0400_6001-PDBR-6323
Processed 0 Apnea Events
Processed 0 non-Events
Processing Patient 2022-06-14T220334-0400_6001-PL4Q-55E0
Processed 5 Apnea Events
Processed 1 non-Events
Processing Patient 2022-06-15T213211-0400_6001-PDBR-6323
Processed 70 Apnea Events
Processed 70 non-Events
Processing Patient 2022-06-17T220658-0400_6001-PL4Q-55E0
Processed 1 Apnea Events
Processed 1 non-Events
Processing Patient 2022-06-20T213121-0400_6001-PDBR-6323
Processed 2 Apnea Events
Processed 2 non-Events
Processing Patient 2022-06-21T215059-0400_6001-PL4Q-55E0
Processed 158 Apnea Events
Processed 158 non-Events
Processing Patient 2022-06-22T212239-0400_6001-PDBR-6323
Processed 41 Apnea Events
Processed 41 non-Events
Processing Patient 2022-06-24T203902-0400_6001-PL4Q-55E0
Processed 247 Apnea Events
Processed 232 non-Events
Processing Patient 2022-06-29T222418-0400_6001-PDBR-6323
Processed 0 Apnea Events
Processed 0 non-Events
Processing Patient 2022-07-06T211338-0400_6001-PL4Q-55E0
Processed 1 Apnea Events
Processed 1 non-Events
Processing Patient 2022-07-07T213616-0400_6001-PDBR-6323
Processed 35 Apnea Events
Processed 35 non-Events
Processing Patient 2022-07-08T214030-0400_6001-PL4Q-55E0
Processed 17 Apnea Events
Processed 17 non-Events
Processing Patient 2022-07-12T212631-0400_6001-PL4Q-55E0
Processed 9 Apnea Events
Processed 9 non-Events
Processing Patient 2022-07-14T210351-0400_6001-PL4Q-55E0
Processed 19 Apnea Events
Processed 19 non-Events
Processing Patient 2022-07-15T211330-0400_6001-PDBR-6323
Processed 12 Apnea Events
Processed 12 non-Events
Processing Patient 2022-07-19T212327-0400_6001-PDBR-6323
Processed 173 Apnea Events
Processed 173 non-Events
Processing Patient 2022-07-20T211711-0400_6001-PL4Q-55E0
Processed 0 Apnea Events
Processed 0 non-Events
Processing Patient 2022-07-21T214623-0400_6001-PDBR-6323
Processed 0 Apnea Events
Processed 0 non-Events
Processing Patient 2022-07-22T211534-0400_6001-PL4Q-55E0
Processed 0 Apnea Events
Processed 0 non-Events
Processing Patient 2022-07-25T205541-0400_6001-PDBR-6323
Processed 1 Apnea Events
Processed 1 non-Events
Processing Patient 2022-07-26T220338-0400_6001-PL4Q-55E0
Processed 21 Apnea Events
Processed 21 non-Events
Processing Patient 2022-07-27T215650-0400_6001-PDBR-6323
Processed 1 Apnea Events
Processed 1 non-Events
Processing Patient 2022-07-29T211650-0400_6001-PDBR-6323
Processed 25 Apnea Events
Processed 25 non-Events
Processing Patient 2022-08-02T223308-0400_6001-PL4Q-55E0
Processed 0 Apnea Events
Processed 0 non-Events
Processing Patient 2022-08-04T221725-0400_6001-PL4Q-55E0
Processed 95 Apnea Events
Processed 95 non-Events
Processing Patient 2022-08-05T214032-0400_6001-PDBR-6323
Processed 0 Apnea Events
Processed 0 non-Events
Processing Patient 2022-08-08T210450-0400_6001-PL4Q-55E0
Processed 0 Apnea Events
Processed 0 non-Events
Processing Patient 2022-08-10T214452-0400_6001-PDBR-6323
Processed 8 Apnea Events
Processed 8 non-Events
Processing Patient 2022-08-11T215410-0400_6001-PL4Q-55E0
Processed 0 Apnea Events
Processed 0 non-Events
Processing Patient 2022-08-15T215500-0400_6001-PL4Q-55E0
Processed 1 Apnea Events
Processed 1 non-Events
Processing Patient 2022-08-16T213151-0400_6001-PL4Q-55E0
Processed 5 Apnea Events
Processed 5 non-Events
Processing Patient 2022-08-18T213853-0400_6001-PL4Q-55E0
Processed 0 Apnea Events
Processed 0 non-Events
Processing Patient 2022-08-18T222413-0400_6001-PDBR-6323
Processed 0 Apnea Events
Processed 0 non-Events
Processing Patient 2022-08-22T210716-0400_6001-PDBR-6323
Processed 0 Apnea Events
Processed 0 non-Events
Processing Patient 2022-08-24T213349-0400_6001-PDBR-6323
Processed 0 Apnea Events
Processed 0 non-Events
Processing Patient 2022-08-26T214118-0400_6001-PL4Q-55E0
Processed 0 Apnea Events
Processed 0 non-Events
Processing Patient 2022-08-30T211149-0400_6001-PL4Q-55E0
Processed 0 Apnea Events
Processed 0 non-Events
Processing Patient 2022-09-01T215934-0400_6001-PDBR-6323
Processed 6 Apnea Events
Processed 6 non-Events
Processing Patient 2022-09-02T213800-0400_6001-PDBR-6323
Processed 1 Apnea Events
Processed 1 non-Events
Processing Patient 2022-09-07T212838-0400_6001-PDBR-6323
Processed 2 Apnea Events
Processed 2 non-Events
Processing Patient 2022-09-13T214709-0400_6001-PL4Q-55E0
Processed 3 Apnea Events
Processed 3 non-Events
Processing Patient 2022-09-14T213034-0400_6001-PL4Q-55E0
Processed 17 Apnea Events
Processed 17 non-Events
Processing Patient 2022-09-14T223122-0400_6001-PDBR-6323
Processed 56 Apnea Events
Processed 56 non-Events
Processing Patient 2022-09-15T221453-0400_6001-PL4Q-55E0
Processed 26 Apnea Events
Processed 26 non-Events
Processing Patient 2022-09-19T213014-0400_6001-PDBR-6323
Processed 145 Apnea Events
Processed 1 non-Events
Processing Patient 2022-09-20T204213-0400_6001-PL4Q-55E0
Processed 1 Apnea Events
Processed 1 non-Events
Processing Patient 2022-09-21T215703-0400_6001-PDBR-6323
Processed 9 Apnea Events
Processed 9 non-Events
Processing Patient 2022-09-22T220035-0400_6001-PL4Q-55E0
Processed 37 Apnea Events
Processed 37 non-Events
Processing Patient 2022-09-23T210632-0400_6001-PDBR-6323
Processed 7 Apnea Events
Processed 7 non-Events
Processing Patient 2022-09-26T215624-0400_6001-PL4Q-55E0
Processed 0 Apnea Events
Processed 0 non-Events
Processing Patient 2022-09-30T215645-0400_6001-PL4Q-55E0
Processed 1 Apnea Events
Processed 1 non-Events
Processing Patient 2022-10-03T211915-0400_6001-PDBR-6323
Processed 4 Apnea Events
Processed 4 non-Events
Processing Patient 2022-10-05T221601-0400_6001-PL4Q-55E0
Processed 124 Apnea Events
Processed 124 non-Events
Processing Patient 2022-10-06T212421-0400_6001-PDBR-6323
Processed 1 Apnea Events
Processed 1 non-Events
Processing Patient 2022-10-13T214452-0400_6001-PDBR-6323
Processed 3 Apnea Events
Processed 3 non-Events
Processing Patient 2022-10-14T214209-0400_6001-PL4Q-55E0
Processed 23 Apnea Events
Processed 23 non-Events
Processing Patient 2022-10-17T215211-0400_6001-PDBR-6323
Processed 5 Apnea Events
Processed 5 non-Events
Processing Patient 2022-10-18T210735-0400_6001-PL4Q-55E0
Processed 1 Apnea Events
Processed 1 non-Events
Processing Patient 2022-10-19T220001-0400_6001-PDBR-6323
Processed 0 Apnea Events
Processed 0 non-Events
Processing Patient 2022-10-21T213427-0400_6001-PL4Q-55E0
Processed 111 Apnea Events
Processed 111 non-Events
Processing Patient 2022-10-25T214704-0400_6001-PDBR-6323
Processed 8 Apnea Events
Processed 8 non-Events
Processing Patient 2022-10-27T222232-0400_6001-PDBR-6323
Processed 70 Apnea Events
Processed 70 non-Events
Processing Patient 2022-10-28T214729-0400_6002-2MLB-5F48
Processed 21 Apnea Events
Processed 21 non-Events
Processing Patient 2022-11-01T213303-0400_6002-2MLB-5F48
Processed 0 Apnea Events
Processed 0 non-Events
Processing Patient 2022-11-03T214258-0400_6002-2MLB-5F48
Processed 5 Apnea Events
Processed 5 non-Events
Processing Patient 2022-11-04T211710-0400_6002-2MLB-5F48
Processed 3 Apnea Events
Processed 3 non-Events
Processing Patient 2022-11-08T211852-0500_6002-2MLB-5F48
Processed 13 Apnea Events
Processed 13 non-Events
Processing Patient 2022-11-09T220306-0500_6001-PDBR-6323
Processed 3 Apnea Events
Processed 3 non-Events
Processing Patient 2022-11-09T222355-0500_6002-2MLB-5F48
Processed 1 Apnea Events
Processed 1 non-Events
Processing Patient 2022-11-10T213238-0500_6002-2MLB-5F48
Processed 21 Apnea Events
Processed 21 non-Events
Processing Patient 2022-11-11T222343-0500_6002-2MLB-5F48
Processed 0 Apnea Events
Processed 0 non-Events
Processing Patient 2022-11-14T213750-0500_6002-2MLB-5F48
Processed 10 Apnea Events
Processed 10 non-Events
Processing Patient 2022-11-16T215233-0500_6002-2MLB-5F48
Processed 0 Apnea Events
Processed 0 non-Events
Processing Patient 2022-11-18T211116-0500_6002-2MLB-5F48
Processed 2 Apnea Events
Processed 2 non-Events
Processing Patient 2022-11-21T213702-0500_6002-2MLB-5F48
Processed 3 Apnea Events
Processed 3 non-Events
Processing Patient 2022-11-24T214549-0500_6002-2MLB-5F48
Processed 61 Apnea Events
Processed 61 non-Events
Processing Patient 2022-11-25T214827-0500_6002-2MLB-5F48
Processed 336 Apnea Events
Processed 336 non-Events
Processing Patient 2022-11-28T211015-0500_6002-2MLB-5F48
Processed 49 Apnea Events
Processed 49 non-Events
Processing Patient 2022-11-30T224252-0500_6002-2MLB-5F48
Processed 106 Apnea Events
Processed 106 non-Events
Processing Patient 2022-12-01T221845-0500_6002-2MLB-5F48
Processed 0 Apnea Events
Processed 0 non-Events
Processing Patient 2022-12-07T222227-0500_6002-2MLB-5F48
Processed 1 Apnea Events
Processed 1 non-Events
Processing Patient 2022-12-08T212953-0500_6002-2MLB-5F48
Processed 7 Apnea Events
Processed 7 non-Events
Processing Patient 2022-12-09T210711-0500_6002-2MLB-5F48
Processed 24 Apnea Events
Processed 24 non-Events
Processing Patient 2022-12-12T211937-0500_6002-2MLB-5F48
Processed 1 Apnea Events
Processed 1 non-Events
Processing Patient 2022-12-13T215036-0500_6002-2MLB-5F48
Processed 3 Apnea Events
Processed 3 non-Events
Processing Patient 2022-12-14T212202-0500_6002-2MLB-5F48
Processed 2 Apnea Events
Processed 2 non-Events
Processing Patient 2022-12-15T210918-0500_6002-2MLB-5F48
Processed 18 Apnea Events
Processed 18 non-Events
Processing Patient 2022-12-20T213624-0500_6002-2MLB-5F48
Processed 0 Apnea Events
Processed 0 non-Events
Processing Patient 2022-12-21T210616-0500_6002-2MLB-5F48
Processed 0 Apnea Events
Processed 0 non-Events
Processing Patient 2022-12-22T215930-0500_6002-2MLB-5F48
Processed 0 Apnea Events
Processed 0 non-Events
Processing Patient 2023-02-07T214938-0500_6001-PDBR-6323
Processed 25 Apnea Events
Processed 25 non-Events
Processing Patient 2023-02-09T213510-0500_6002-2MLB-5F48
Processed 5 Apnea Events
Processed 5 non-Events
Processing Patient 2023-02-10T210554-0500_6002-2MLB-5F48
Processed 0 Apnea Events
Processed 0 non-Events
Processing Patient 2023-02-13T210600-0500_6002-2MLB-5F48
Processed 26 Apnea Events
Processed 26 non-Events
Processing Patient 2023-02-14T214206-0500_6001-PDBR-6323
Processed 3 Apnea Events
Processed 3 non-Events
Processing Patient 2023-02-15T211017-0500_6002-2MLB-5F48
Processed 7 Apnea Events
Processed 7 non-Events
Processing Patient 2023-02-16T212000-0500_6001-PDBR-6323
Processed 0 Apnea Events
Processed 0 non-Events
Processing Patient 2023-02-17T205614-0500_6002-2MLB-5F48
Processed 0 Apnea Events
Processed 0 non-Events
Processing Patient 2023-02-22T221117-0500_6002-2MLB-5F48
Processed 3 Apnea Events
Processed 3 non-Events
Processing Patient 2023-02-23T211333-0500_6001-PDBR-6323
Processed 0 Apnea Events
Processed 0 non-Events
Processing Patient 2023-02-27T211708-0500_6001-PDBR-6323
Processed 0 Apnea Events
Processed 0 non-Events
Processing Patient 2023-02-27T213611-0500_6002-2MLB-5F48
Processed 1 Apnea Events
Processed 1 non-Events
Processing Patient 2023-03-02T213122-0500_6002-2MLB-5F48
Processed 8 Apnea Events
Processed 8 non-Events
Processing Patient 2023-03-03T221005-0500_6001-PDBR-6323
Processed 3 Apnea Events
Processed 3 non-Events
Processing Patient 2023-03-06T205742-0500_6001-PDBR-6323
Processed 4 Apnea Events
Processed 4 non-Events
Processing Patient 2023-03-07T213948-0500_6001-PDBR-6323
Processed 28 Apnea Events
Processed 28 non-Events
Processing Patient 2023-03-08T213200-0500_6001-PDBR-6323
Processed 3 Apnea Events
Processed 3 non-Events
Processing Patient 2023-03-09T214505-0500_6001-PDBR-6323
Processed 1 Apnea Events
Processed 1 non-Events
Processing Patient 2023-03-10T220208-0500_6001-PDBR-6323
Processed 2 Apnea Events
Processed 2 non-Events
Processing Patient 2023-03-13T221022-0400_6001-PDBR-6323
Processed 0 Apnea Events
Processed 0 non-Events
Processing Patient 2023-03-14T205455-0400_6001-PDBR-6323
Processed 0 Apnea Events
Processed 0 non-Events
Processing Patient 2023-03-22T214602-0400_6001-PDBR-6323
Processed 6 Apnea Events
Processed 6 non-Events
Processing Patient 2023-03-24T205632-0400_6002-2MLB-5F48
Processed 13 Apnea Events
Processed 13 non-Events
Processing Patient 2023-03-27T211421-0400_6001-PDBR-6323
Processed 31 Apnea Events
Processed 31 non-Events
Processing Patient 2023-04-05T211428-0400_6001-PDBR-6323
Processed 4 Apnea Events
Processed 4 non-Events
Processing Patient 2023-04-10T214234-0400_6001-PDBR-6323
Processed 74 Apnea Events
Processed 74 non-Events
Processing Patient 2023-04-12T215417-0400_6001-PDBR-6323
Processed 58 Apnea Events
Processed 58 non-Events
Processing Patient 2023-04-17T205109-0400_6002-2MLB-5F48
Processed 0 Apnea Events
Processed 0 non-Events
Processing Patient 2023-04-21T210554-0400_6002-2MLB-5F48
Processed 5 Apnea Events
Processed 5 non-Events
Processing Patient 2023-04-24T205801-0400_6001-PDBR-6323
Processed 66 Apnea Events
Processed 66 non-Events
Processing Patient 2023-04-25T211539-0400_6001-PDBR-6323
Processed 0 Apnea Events
Processed 0 non-Events
Processing Patient 2023-04-26T214641-0400_6002-2MLB-5F48
Processed 0 Apnea Events
Processed 0 non-Events
Processing Patient 2023-04-27T220233-0400_6001-PDBR-6323
Processed 31 Apnea Events
Processed 31 non-Events
Processing Patient 2023-04-28T215440-0400_6001-PDBR-6323
Processed 4 Apnea Events
Processed 4 non-Events
Processing Patient 2023-05-01T211811-0400_6002-2MLB-5F48
Processed 83 Apnea Events
Processed 83 non-Events
Processing Patient 2023-05-03T215944-0400_6002-2MLB-5F48
Processed 85 Apnea Events
Processed 85 non-Events
Processing Patient 2023-05-04T220813-0400_6001-PDBR-6323
Processed 0 Apnea Events
Processed 0 non-Events
Processing Patient 2023-05-05T210210-0400_6002-2MLB-5F48
Processed 0 Apnea Events
Processed 0 non-Events
Processing Patient 2023-05-08T205655-0400_6001-PDBR-6323
Processed 5 Apnea Events
Processed 5 non-Events
Processing Patient 2023-05-09T212823-0400_6002-2MLB-5F48
Processed 0 Apnea Events
Processed 0 non-Events
Processing Patient 2023-05-10T214720-0400_6001-PDBR-6323
Processed 519 Apnea Events
Processed 270 non-Events
Processing Patient 2023-05-11T213548-0400_6001-PDBR-6323
Processed 0 Apnea Events
Processed 0 non-Events
Processing Patient 2023-05-12T220121-0400_6002-2MLB-5F48
Processed 0 Apnea Events
Processed 0 non-Events
Processing Patient 2023-05-15T205922-0400_6002-2MLB-5F48
Processed 3 Apnea Events
Processed 3 non-Events
Processing Patient 2023-05-16T211139-0400_6001-PDBR-6323
Processed 12 Apnea Events
Processed 12 non-Events
Processing Patient 2023-05-19T205814-0400_6001-PDBR-6323
Processed 29 Apnea Events
Processed 29 non-Events
Processing Patient 2023-05-23T220245-0400_6001-PDBR-6323
Processed 2 Apnea Events
Processed 2 non-Events
Processing Patient 2023-05-25T220233-0400_6002-2MLB-5F48
Processed 73 Apnea Events
Processed 73 non-Events
Processing Patient 2023-05-26T205143-0400_6001-PDBR-6323
Processed 91 Apnea Events
Processed 91 non-Events
Processing Patient 2023-05-30T204138-0400_6002-2MLB-5F48
Processed 4 Apnea Events
Processed 4 non-Events
Processing Patient 2023-06-01T211406-0400_6002-2MLB-5F48
Processed 2 Apnea Events
Processed 2 non-Events
Processing Patient 2023-06-02T213407-0400_6002-2MLB-5F48
Processed 0 Apnea Events
Processed 0 non-Events
Processing Patient 2023-06-06T204911-0400_6001-PDBR-6323
Processed 2 Apnea Events
Processed 2 non-Events
Processing Patient 2023-06-09T211852-0400_6001-PDBR-6323
Processed 5 Apnea Events
Processed 5 non-Events
Processing Patient 2023-06-20T212408-0400_6001-PDBR-6323
Processed 49 Apnea Events
Processed 49 non-Events
Processing Patient 2023-06-23T213110-0400_6001-PDBR-6323
Processed 281 Apnea Events
Processed 281 non-Events
Processing Patient 2023-06-26T210938-0400_6002-2MLB-5F48
Processed 0 Apnea Events
Processed 0 non-Events
Processing Patient 2023-06-27T203949-0400_6001-PDBR-6323
Processed 0 Apnea Events
Processed 0 non-Events
Processing Patient 2023-06-29T212337-0400_6002-2MLB-5F48
Processed 0 Apnea Events
Processed 0 non-Events
Processing Patient 2023-07-04T211800-0400_6002-2MLB-5F48
Processed 2 Apnea Events
Processed 2 non-Events
Processing Patient 2023-07-05T211351-0400_6001-PDBR-6323
Processed 0 Apnea Events
Processed 0 non-Events
Processing Patient 2023-07-06T211855-0400_6001-PDBR-6323
Processed 0 Apnea Events
Processed 0 non-Events
Processing Patient 2023-07-07T215039-0400_6002-2MLB-5F48
Processed 3 Apnea Events
Processed 3 non-Events
Processing Patient 2023-07-10T211333-0400_6001-PDBR-6323
Processed 1 Apnea Events
Processed 1 non-Events
Processing Patient 2023-07-13T211853-0400_6001-PDBR-6323
Processed 78 Apnea Events
Processed 78 non-Events
Processing Patient 2023-07-14T211728-0400_6002-2MLB-5F48
Processed 10 Apnea Events
Processed 10 non-Events
Processing Patient 2023-07-17T204630-0400_6001-PDBR-6323
Processed 59 Apnea Events
Processed 59 non-Events
Processing Patient 2023-07-18T213125-0400_6002-2MLB-5F48
Processed 21 Apnea Events
Processed 21 non-Events
Processing Patient 2023-07-19T213752-0400_6001-PDBR-6323
Processed 5 Apnea Events
Processed 5 non-Events
Processing Patient 2023-07-20T221741-0400_6001-PDBR-6323
Processed 99 Apnea Events
Processed 99 non-Events
Processing Patient 2023-07-31T205938-0400_6001-PDBR-6323
Processed 1 Apnea Events
Processed 1 non-Events
Processing Patient 2023-08-01T204732-0400_6001-PDBR-6323
Processed 0 Apnea Events
Processed 0 non-Events
Processing Patient 2023-08-03T222304-0400_6001-PDBR-6323
Processed 1 Apnea Events
Processed 1 non-Events
Processing Patient 2023-08-08T211738-0400_6002-2MLB-5F48
Processed 0 Apnea Events
Processed 0 non-Events
Processing Patient 2023-08-09T213751-0400_6001-PDBR-6323
Processed 35 Apnea Events
Processed 35 non-Events
Processing Patient 2023-08-11T205930-0400_6001-PDBR-6323
Processed 85 Apnea Events
Processed 85 non-Events
Processing Patient 2023-08-15T215354-0400_6001-PDBR-6323
Processed 43 Apnea Events
Processed 43 non-Events
Processing Patient 2023-08-16T213700-0400_6001-PDBR-6323
Processed 0 Apnea Events
Processed 0 non-Events
Processing Patient 2023-08-31T211730-0400_6001-PDBR-6323
Processed 1 Apnea Events
Processed 1 non-Events
Processing Patient 2023-09-01T213230-0400_6002-2MLB-5F48
Processed 5 Apnea Events
Processed 5 non-Events
Processing Patient 2023-09-08T212015-0400_6002-2MLB-5F48
Processed 1 Apnea Events
Processed 1 non-Events
Processing Patient 2023-09-12T214119-0400_6002-2MLB-5F48
Processed 16 Apnea Events
Processed 16 non-Events
Processing Patient 2023-09-13T214144-0400_6002-2MLB-5F48
Processed 0 Apnea Events
Processed 0 non-Events
Processing Patient 2023-09-15T213602-0400_6002-2MLB-5F48
Processed 13 Apnea Events
Processed 13 non-Events
Processing Patient 2023-09-22T210025-0400_6002-2MLB-5F48
Processed 0 Apnea Events
Processed 0 non-Events
